Release 14.6 - xst P.68d (lin64)
Copyright (c) 1995-2013 Xilinx, Inc.  All rights reserved.
--> 
Parameter TMPDIR set to xst/projnav.tmp


Total REAL time to Xst completion: 0.00 secs
Total CPU time to Xst completion: 0.06 secs
 
--> 
Parameter xsthdpdir set to xst


Total REAL time to Xst completion: 0.00 secs
Total CPU time to Xst completion: 0.06 secs
 
--> 
Reading design: ROM_PAIRS.prj

TABLE OF CONTENTS
  1) Synthesis Options Summary
  2) HDL Parsing
  3) HDL Elaboration
  4) HDL Synthesis
       4.1) HDL Synthesis Report
  5) Advanced HDL Synthesis
       5.1) Advanced HDL Synthesis Report
  6) Low Level Synthesis
  7) Partition Report
  8) Design Summary
       8.1) Primitive and Black Box Usage
       8.2) Device utilization summary
       8.3) Partition Resource Summary
       8.4) Timing Report
            8.4.1) Clock Information
            8.4.2) Asynchronous Control Signals Information
            8.4.3) Timing Summary
            8.4.4) Timing Details
            8.4.5) Cross Clock Domains Report


=========================================================================
*                      Synthesis Options Summary                        *
=========================================================================
---- Source Parameters
Input File Name                    : "ROM_PAIRS.prj"
Ignore Synthesis Constraint File   : NO

---- Target Parameters
Output File Name                   : "ROM_PAIRS"
Output Format                      : NGC
Target Device                      : xc7z020-2-clg400

---- Source Options
Top Module Name                    : ROM_PAIRS
Automatic FSM Extraction           : YES
FSM Encoding Algorithm             : Auto
Safe Implementation                : No
FSM Style                          : LUT
RAM Extraction                     : Yes
RAM Style                          : Auto
ROM Extraction                     : Yes
Shift Register Extraction          : YES
ROM Style                          : Auto
Resource Sharing                   : YES
Asynchronous To Synchronous        : NO
Shift Register Minimum Size        : 2
Use DSP Block                      : Auto
Automatic Register Balancing       : No

---- Target Options
LUT Combining                      : Auto
Reduce Control Sets                : Auto
Add IO Buffers                     : YES
Global Maximum Fanout              : 100000
Add Generic Clock Buffer(BUFG)     : 32
Register Duplication               : YES
Optimize Instantiated Primitives   : NO
Use Clock Enable                   : Auto
Use Synchronous Set                : Auto
Use Synchronous Reset              : Auto
Pack IO Registers into IOBs        : Auto
Equivalent register Removal        : YES

---- General Options
Optimization Goal                  : Speed
Optimization Effort                : 1
Power Reduction                    : NO
Keep Hierarchy                     : No
Netlist Hierarchy                  : As_Optimized
RTL Output                         : Yes
Global Optimization                : AllClockNets
Read Cores                         : YES
Write Timing Constraints           : NO
Cross Clock Analysis               : NO
Hierarchy Separator                : /
Bus Delimiter                      : <>
Case Specifier                     : Maintain
Slice Utilization Ratio            : 100
BRAM Utilization Ratio             : 100
DSP48 Utilization Ratio            : 100
Auto BRAM Packing                  : NO
Slice Utilization Ratio Delta      : 5

---- Other Options
Cores Search Directories           : {"ipcore_dir"  }

=========================================================================


=========================================================================
*                          HDL Parsing                                  *
=========================================================================
Parsing VHDL file "/media/DATA42/Dropbox/EmbeddedRetina/embeddedretina_ise/RetinaParameters.vhd" into library work
Parsing package <RetinaParameters>.
Parsing package body <RetinaParameters>.
Parsing VHDL file "/media/DATA42/Dropbox/EmbeddedRetina/embeddedretina_ise/ROM_PAIRS.vhd" into library work
Parsing entity <ROM_PAIRS>.
Parsing architecture <Behavioral> of entity <rom_pairs>.

=========================================================================
*                            HDL Elaboration                            *
=========================================================================

Elaborating entity <ROM_PAIRS> (architecture <Behavioral>) from library <work>.

=========================================================================
*                           HDL Synthesis                               *
=========================================================================

Synthesizing Unit <ROM_PAIRS>.
    Related source file is "/media/DATA42/Dropbox/EmbeddedRetina/embeddedretina_ise/ROM_PAIRS.vhd".
    Found 6-bit register for signal <points1<14>>.
    Found 6-bit register for signal <points1<13>>.
    Found 6-bit register for signal <points1<12>>.
    Found 6-bit register for signal <points1<11>>.
    Found 6-bit register for signal <points1<10>>.
    Found 6-bit register for signal <points1<9>>.
    Found 6-bit register for signal <points1<8>>.
    Found 6-bit register for signal <points1<7>>.
    Found 6-bit register for signal <points1<6>>.
    Found 6-bit register for signal <points1<5>>.
    Found 6-bit register for signal <points1<4>>.
    Found 6-bit register for signal <points1<3>>.
    Found 6-bit register for signal <points1<2>>.
    Found 6-bit register for signal <points1<1>>.
    Found 6-bit register for signal <points1<0>>.
    Found 6-bit register for signal <points2<15>>.
    Found 6-bit register for signal <points2<14>>.
    Found 6-bit register for signal <points2<13>>.
    Found 6-bit register for signal <points2<12>>.
    Found 6-bit register for signal <points2<11>>.
    Found 6-bit register for signal <points2<10>>.
    Found 6-bit register for signal <points2<9>>.
    Found 6-bit register for signal <points2<8>>.
    Found 6-bit register for signal <points2<7>>.
    Found 6-bit register for signal <points2<6>>.
    Found 6-bit register for signal <points2<5>>.
    Found 6-bit register for signal <points2<4>>.
    Found 6-bit register for signal <points2<3>>.
    Found 6-bit register for signal <points2<2>>.
    Found 6-bit register for signal <points2<1>>.
    Found 6-bit register for signal <points2<0>>.
    Found 6-bit register for signal <points1<15>>.
    Found 10-bit adder for signal <n0116> created at line 1241.
    Found 10-bit adder for signal <n0119> created at line 1241.
    Found 10-bit adder for signal <n0122> created at line 1241.
    Found 10-bit adder for signal <n0125> created at line 1241.
    Found 10-bit adder for signal <n0128> created at line 1241.
    Found 10-bit adder for signal <n0131> created at line 1241.
    Found 10-bit adder for signal <n0134> created at line 1241.
    Found 10-bit adder for signal <n0137> created at line 1241.
    Found 10-bit adder for signal <n0140> created at line 1241.
    Found 10-bit adder for signal <n0143> created at line 1241.
    Found 10-bit adder for signal <n0146> created at line 1241.
    Found 10-bit adder for signal <n0149> created at line 1241.
    Found 10-bit adder for signal <n0152> created at line 1241.
    Found 10-bit adder for signal <n0155> created at line 1241.
    Found 10-bit adder for signal <n0158> created at line 1241.
    Found 512x12-bit Read Only RAM for signal <_n0721>
    Found 512x12-bit Read Only RAM for signal <_n1234>
    Found 512x12-bit Read Only RAM for signal <_n1747>
    Found 512x12-bit Read Only RAM for signal <_n2260>
    Found 512x12-bit Read Only RAM for signal <_n2773>
    Found 512x12-bit Read Only RAM for signal <_n3286>
    Found 512x12-bit Read Only RAM for signal <_n3799>
    Found 512x12-bit Read Only RAM for signal <_n4312>
    Found 512x12-bit Read Only RAM for signal <_n4825>
    Found 512x12-bit Read Only RAM for signal <_n5338>
    Found 512x12-bit Read Only RAM for signal <_n5851>
    Found 512x12-bit Read Only RAM for signal <_n6364>
    Found 512x12-bit Read Only RAM for signal <_n6877>
    Found 512x12-bit Read Only RAM for signal <_n7390>
    Found 512x12-bit Read Only RAM for signal <_n7903>
    Found 512x12-bit Read Only RAM for signal <_n8416>
    Summary:
	inferred  16 RAM(s).
	inferred  15 Adder/Subtractor(s).
	inferred 192 D-type flip-flop(s).
Unit <ROM_PAIRS> synthesized.

=========================================================================
HDL Synthesis Report

Macro Statistics
# RAMs                                                 : 16
 512x12-bit single-port Read Only RAM                  : 16
# Adders/Subtractors                                   : 15
 10-bit adder                                          : 15
# Registers                                            : 16
 12-bit register                                       : 16

=========================================================================

=========================================================================
*                       Advanced HDL Synthesis                          *
=========================================================================


Synthesizing (advanced) Unit <ROM_PAIRS>.
INFO:Xst:3226 - The RAM <Mram__n1234> will be implemented as a BLOCK RAM, absorbing the following register(s): <points1<1>_points2<1>>
    -----------------------------------------------------------------------
    | ram_type           | Block                               |          |
    -----------------------------------------------------------------------
    | Port A                                                              |
    |     aspect ratio   | 512-word x 12-bit                   |          |
    |     mode           | write-first                         |          |
    |     clkA           | connected to signal <clk>           | rise     |
    |     weA            | connected to signal <GND>           | high     |
    |     addrA          | connected to signal <n0116>         |          |
    |     diA            | connected to signal <GND>           |          |
    |     doA            | connected to signal <points1<1>>    |          |
    -----------------------------------------------------------------------
    | optimization       | speed                               |          |
    -----------------------------------------------------------------------
INFO:Xst:3226 - The RAM <Mram__n2260> will be implemented as a BLOCK RAM, absorbing the following register(s): <points1<3>_points2<3>>
    -----------------------------------------------------------------------
    | ram_type           | Block                               |          |
    -----------------------------------------------------------------------
    | Port A                                                              |
    |     aspect ratio   | 512-word x 12-bit                   |          |
    |     mode           | write-first                         |          |
    |     clkA           | connected to signal <clk>           | rise     |
    |     weA            | connected to signal <GND>           | high     |
    |     addrA          | connected to signal <n0122>         |          |
    |     diA            | connected to signal <GND>           |          |
    |     doA            | connected to signal <points1<3>>    |          |
    -----------------------------------------------------------------------
    | optimization       | speed                               |          |
    -----------------------------------------------------------------------
INFO:Xst:3226 - The RAM <Mram__n1747> will be implemented as a BLOCK RAM, absorbing the following register(s): <points1<2>_points2<2>>
    -----------------------------------------------------------------------
    | ram_type           | Block                               |          |
    -----------------------------------------------------------------------
    | Port A                                                              |
    |     aspect ratio   | 512-word x 12-bit                   |          |
    |     mode           | write-first                         |          |
    |     clkA           | connected to signal <clk>           | rise     |
    |     weA            | connected to signal <GND>           | high     |
    |     addrA          | connected to signal <n0119>         |          |
    |     diA            | connected to signal <GND>           |          |
    |     doA            | connected to signal <points1<2>>    |          |
    -----------------------------------------------------------------------
    | optimization       | speed                               |          |
    -----------------------------------------------------------------------
INFO:Xst:3226 - The RAM <Mram__n2773> will be implemented as a BLOCK RAM, absorbing the following register(s): <points1<4>_points2<4>>
    -----------------------------------------------------------------------
    | ram_type           | Block                               |          |
    -----------------------------------------------------------------------
    | Port A                                                              |
    |     aspect ratio   | 512-word x 12-bit                   |          |
    |     mode           | write-first                         |          |
    |     clkA           | connected to signal <clk>           | rise     |
    |     weA            | connected to signal <GND>           | high     |
    |     addrA          | connected to signal <n0125>         |          |
    |     diA            | connected to signal <GND>           |          |
    |     doA            | connected to signal <points1<4>>    |          |
    -----------------------------------------------------------------------
    | optimization       | speed                               |          |
    -----------------------------------------------------------------------
INFO:Xst:3226 - The RAM <Mram__n3799> will be implemented as a BLOCK RAM, absorbing the following register(s): <points1<6>_points2<6:6>>
    -----------------------------------------------------------------------
    | ram_type           | Block                               |          |
    -----------------------------------------------------------------------
    | Port A                                                              |
    |     aspect ratio   | 512-word x 12-bit                   |          |
    |     mode           | write-first                         |          |
    |     clkA           | connected to signal <clk>           | rise     |
    |     weA            | connected to signal <GND>           | high     |
    |     addrA          | connected to signal <n0131>         |          |
    |     diA            | connected to signal <GND>           |          |
    |     doA            | connected to signal <points1<6>>    |          |
    -----------------------------------------------------------------------
    | optimization       | speed                               |          |
    -----------------------------------------------------------------------
INFO:Xst:3226 - The RAM <Mram__n3286> will be implemented as a BLOCK RAM, absorbing the following register(s): <points1<5>_points2<5>>
    -----------------------------------------------------------------------
    | ram_type           | Block                               |          |
    -----------------------------------------------------------------------
    | Port A                                                              |
    |     aspect ratio   | 512-word x 12-bit                   |          |
    |     mode           | write-first                         |          |
    |     clkA           | connected to signal <clk>           | rise     |
    |     weA            | connected to signal <GND>           | high     |
    |     addrA          | connected to signal <n0128>         |          |
    |     diA            | connected to signal <GND>           |          |
    |     doA            | connected to signal <points1<5>>    |          |
    -----------------------------------------------------------------------
    | optimization       | speed                               |          |
    -----------------------------------------------------------------------
INFO:Xst:3226 - The RAM <Mram__n4312> will be implemented as a BLOCK RAM, absorbing the following register(s): <points1<7>_points2<7>>
    -----------------------------------------------------------------------
    | ram_type           | Block                               |          |
    -----------------------------------------------------------------------
    | Port A                                                              |
    |     aspect ratio   | 512-word x 12-bit                   |          |
    |     mode           | write-first                         |          |
    |     clkA           | connected to signal <clk>           | rise     |
    |     weA            | connected to signal <GND>           | high     |
    |     addrA          | connected to signal <n0134>         |          |
    |     diA            | connected to signal <GND>           |          |
    |     doA            | connected to signal <points1<7>>    |          |
    -----------------------------------------------------------------------
    | optimization       | speed                               |          |
    -----------------------------------------------------------------------
INFO:Xst:3226 - The RAM <Mram__n5338> will be implemented as a BLOCK RAM, absorbing the following register(s): <points1<9>_points2<9>>
    -----------------------------------------------------------------------
    | ram_type           | Block                               |          |
    -----------------------------------------------------------------------
    | Port A                                                              |
    |     aspect ratio   | 512-word x 12-bit                   |          |
    |     mode           | write-first                         |          |
    |     clkA           | connected to signal <clk>           | rise     |
    |     weA            | connected to signal <GND>           | high     |
    |     addrA          | connected to signal <n0140>         |          |
    |     diA            | connected to signal <GND>           |          |
    |     doA            | connected to signal <points1<9>>    |          |
    -----------------------------------------------------------------------
    | optimization       | speed                               |          |
    -----------------------------------------------------------------------
INFO:Xst:3226 - The RAM <Mram__n4825> will be implemented as a BLOCK RAM, absorbing the following register(s): <points1<8>_points2<8>>
    -----------------------------------------------------------------------
    | ram_type           | Block                               |          |
    -----------------------------------------------------------------------
    | Port A                                                              |
    |     aspect ratio   | 512-word x 12-bit                   |          |
    |     mode           | write-first                         |          |
    |     clkA           | connected to signal <clk>           | rise     |
    |     weA            | connected to signal <GND>           | high     |
    |     addrA          | connected to signal <n0137>         |          |
    |     diA            | connected to signal <GND>           |          |
    |     doA            | connected to signal <points1<8>>    |          |
    -----------------------------------------------------------------------
    | optimization       | speed                               |          |
    -----------------------------------------------------------------------
INFO:Xst:3226 - The RAM <Mram__n5851> will be implemented as a BLOCK RAM, absorbing the following register(s): <points1<10>_points2<10>>
    -----------------------------------------------------------------------
    | ram_type           | Block                               |          |
    -----------------------------------------------------------------------
    | Port A                                                              |
    |     aspect ratio   | 512-word x 12-bit                   |          |
    |     mode           | write-first                         |          |
    |     clkA           | connected to signal <clk>           | rise     |
    |     weA            | connected to signal <GND>           | high     |
    |     addrA          | connected to signal <n0143>         |          |
    |     diA            | connected to signal <GND>           |          |
    |     doA            | connected to signal <points1<10>>   |          |
    -----------------------------------------------------------------------
    | optimization       | speed                               |          |
    -----------------------------------------------------------------------
INFO:Xst:3226 - The RAM <Mram__n6877> will be implemented as a BLOCK RAM, absorbing the following register(s): <points1<12>_points2<12>>
    -----------------------------------------------------------------------
    | ram_type           | Block                               |          |
    -----------------------------------------------------------------------
    | Port A                                                              |
    |     aspect ratio   | 512-word x 12-bit                   |          |
    |     mode           | write-first                         |          |
    |     clkA           | connected to signal <clk>           | rise     |
    |     weA            | connected to signal <GND>           | high     |
    |     addrA          | connected to signal <n0149>         |          |
    |     diA            | connected to signal <GND>           |          |
    |     doA            | connected to signal <points1<12>>   |          |
    -----------------------------------------------------------------------
    | optimization       | speed                               |          |
    -----------------------------------------------------------------------
INFO:Xst:3226 - The RAM <Mram__n6364> will be implemented as a BLOCK RAM, absorbing the following register(s): <points1<11>_points2<11>>
    -----------------------------------------------------------------------
    | ram_type           | Block                               |          |
    -----------------------------------------------------------------------
    | Port A                                                              |
    |     aspect ratio   | 512-word x 12-bit                   |          |
    |     mode           | write-first                         |          |
    |     clkA           | connected to signal <clk>           | rise     |
    |     weA            | connected to signal <GND>           | high     |
    |     addrA          | connected to signal <n0146>         |          |
    |     diA            | connected to signal <GND>           |          |
    |     doA            | connected to signal <points1<11>>   |          |
    -----------------------------------------------------------------------
    | optimization       | speed                               |          |
    -----------------------------------------------------------------------
INFO:Xst:3226 - The RAM <Mram__n7390> will be implemented as a BLOCK RAM, absorbing the following register(s): <points1<13>_points2<13>>
    -----------------------------------------------------------------------
    | ram_type           | Block                               |          |
    -----------------------------------------------------------------------
    | Port A                                                              |
    |     aspect ratio   | 512-word x 12-bit                   |          |
    |     mode           | write-first                         |          |
    |     clkA           | connected to signal <clk>           | rise     |
    |     weA            | connected to signal <GND>           | high     |
    |     addrA          | connected to signal <n0152>         |          |
    |     diA            | connected to signal <GND>           |          |
    |     doA            | connected to signal <points1<13>>   |          |
    -----------------------------------------------------------------------
    | optimization       | speed                               |          |
    -----------------------------------------------------------------------
INFO:Xst:3226 - The RAM <Mram__n8416> will be implemented as a BLOCK RAM, absorbing the following register(s): <points1<15>_points2<15>>
    -----------------------------------------------------------------------
    | ram_type           | Block                               |          |
    -----------------------------------------------------------------------
    | Port A                                                              |
    |     aspect ratio   | 512-word x 12-bit                   |          |
    |     mode           | write-first                         |          |
    |     clkA           | connected to signal <clk>           | rise     |
    |     weA            | connected to signal <GND>           | high     |
    |     addrA          | connected to signal <n0158>         |          |
    |     diA            | connected to signal <GND>           |          |
    |     doA            | connected to signal <points1<15>>   |          |
    -----------------------------------------------------------------------
    | optimization       | speed                               |          |
    -----------------------------------------------------------------------
INFO:Xst:3226 - The RAM <Mram__n7903> will be implemented as a BLOCK RAM, absorbing the following register(s): <points1<14>_points2<14>>
    -----------------------------------------------------------------------
    | ram_type           | Block                               |          |
    -----------------------------------------------------------------------
    | Port A                                                              |
    |     aspect ratio   | 512-word x 12-bit                   |          |
    |     mode           | write-first                         |          |
    |     clkA           | connected to signal <clk>           | rise     |
    |     weA            | connected to signal <GND>           | high     |
    |     addrA          | connected to signal <n0155>         |          |
    |     diA            | connected to signal <GND>           |          |
    |     doA            | connected to signal <points1<14>>   |          |
    -----------------------------------------------------------------------
    | optimization       | speed                               |          |
    -----------------------------------------------------------------------
INFO:Xst:3226 - The RAM <Mram__n0721> will be implemented as a BLOCK RAM, absorbing the following register(s): <points1<0:0>_points2<0>>
    -----------------------------------------------------------------------
    | ram_type           | Block                               |          |
    -----------------------------------------------------------------------
    | Port A                                                              |
    |     aspect ratio   | 512-word x 12-bit                   |          |
    |     mode           | write-first                         |          |
    |     clkA           | connected to signal <clk>           | rise     |
    |     weA            | connected to signal <GND>           | high     |
    |     addrA          | connected to signal <(addr,"0000")> |          |
    |     diA            | connected to signal <GND>           |          |
    |     doA            | connected to signal <points1<0>>    |          |
    -----------------------------------------------------------------------
    | optimization       | speed                               |          |
    -----------------------------------------------------------------------
Unit <ROM_PAIRS> synthesized (advanced).

=========================================================================
Advanced HDL Synthesis Report

Macro Statistics
# RAMs                                                 : 16
 512x12-bit single-port block Read Only RAM            : 16
# Adders/Subtractors                                   : 15
 9-bit adder                                           : 15

=========================================================================

=========================================================================
*                         Low Level Synthesis                           *
=========================================================================
INFO:Xst:2697 - Unit <MTP_> : the RAMs <Mram__n1234>, <Mram__n2260> are packed into the single block RAM <Mram__n12341>
INFO:Xst:2697 - Unit <MTP_> : the RAMs <Mram__n1747>, <Mram__n2773> are packed into the single block RAM <Mram__n17471>
INFO:Xst:2697 - Unit <MTP_> : the RAMs <Mram__n3799>, <Mram__n3286> are packed into the single block RAM <Mram__n37991>
INFO:Xst:2697 - Unit <MTP_> : the RAMs <Mram__n4312>, <Mram__n5338> are packed into the single block RAM <Mram__n43121>
INFO:Xst:2697 - Unit <MTP_> : the RAMs <Mram__n4825>, <Mram__n5851> are packed into the single block RAM <Mram__n48251>
INFO:Xst:2697 - Unit <MTP_> : the RAMs <Mram__n6877>, <Mram__n6364> are packed into the single block RAM <Mram__n68771>
INFO:Xst:2697 - Unit <MTP_> : the RAMs <Mram__n7390>, <Mram__n8416> are packed into the single block RAM <Mram__n73901>
INFO:Xst:2697 - Unit <MTP_> : the RAMs <Mram__n7903>, <Mram__n0721> are packed into the single block RAM <Mram__n79031>

Optimizing unit <ROM_PAIRS> ...

Mapping all equations...
Building and optimizing final netlist ...
Found area constraint ratio of 100 (+ 5) on block ROM_PAIRS, actual ratio is 0.

Final Macro Processing ...

=========================================================================
Final Register Report

Found no macro
=========================================================================

=========================================================================
*                           Partition Report                            *
=========================================================================

Partition Implementation Status
-------------------------------

  No Partitions were found in this design.

-------------------------------

=========================================================================
*                            Design Summary                             *
=========================================================================

Top Level Output File Name         : ROM_PAIRS.ngc

Primitive and Black Box Usage:
------------------------------
# BELS                             : 2
#      GND                         : 1
#      VCC                         : 1
# RAMS                             : 8
#      RAMB18E1                    : 8
# Clock Buffers                    : 1
#      BUFGP                       : 1
# IO Buffers                       : 197
#      IBUF                        : 5
#      OBUF                        : 192

Device utilization summary:
---------------------------

Selected Device : 7z020clg400-2 


Slice Logic Utilization: 

Slice Logic Distribution: 
 Number of LUT Flip Flop pairs used:      0
   Number with an unused Flip Flop:       0  out of      0         
   Number with an unused LUT:             0  out of      0         
   Number of fully used LUT-FF pairs:     0  out of      0         
   Number of unique control sets:         0

IO Utilization: 
 Number of IOs:                         198
 Number of bonded IOBs:                 198  out of    125   158% (*) 

Specific Feature Utilization:
 Number of Block RAM/FIFO:                4  out of    140     2%  
    Number using Block RAM only:          4
 Number of BUFG/BUFGCTRLs:                1  out of     32     3%  

WARNING:Xst:1336 -  (*) More than 100% of Device resources are used

---------------------------
Partition Resource Summary:
---------------------------

  No Partitions were found in this design.

---------------------------


=========================================================================
Timing Report

NOTE: THESE TIMING NUMBERS ARE ONLY A SYNTHESIS ESTIMATE.
      FOR ACCURATE TIMING INFORMATION PLEASE REFER TO THE TRACE REPORT
      GENERATED AFTER PLACE-and-ROUTE.

Clock Information:
------------------
-----------------------------------+------------------------+-------+
Clock Signal                       | Clock buffer(FF name)  | Load  |
-----------------------------------+------------------------+-------+
clk                                | BUFGP                  | 8     |
-----------------------------------+------------------------+-------+

Asynchronous Control Signals Information:
----------------------------------------
-----------------------------------+------------------------+-------+
Control Signal                     | Buffer(FF name)        | Load  |
-----------------------------------+------------------------+-------+
N1(XST_GND:G)                      | NONE(Mram__n37991)     | 16    |
-----------------------------------+------------------------+-------+

Timing Summary:
---------------
Speed Grade: -2

   Minimum period: No path found
   Minimum input arrival time before clock: 0.912ns
   Maximum output required time after clock: 2.464ns
   Maximum combinational path delay: No path found

Timing Details:
---------------
All values displayed in nanoseconds (ns)

=========================================================================
Timing constraint: Default OFFSET IN BEFORE for Clock 'clk'
  Total number of paths / destination ports: 80 / 80
-------------------------------------------------------------------------
Offset:              0.912ns (Levels of Logic = 1)
  Source:            addr<4> (PAD)
  Destination:       Mram__n79031 (RAM)
  Destination Clock: clk rising

  Data Path: addr<4> to Mram__n79031
                                Gate     Net
    Cell:in->out      fanout   Delay   Delay  Logical Name (Net Name)
    ----------------------------------------  ------------
     IBUF:I->O            16   0.000   0.422  addr_4_IBUF (addr_4_IBUF)
     RAMB18E1:ADDRBWRADDR12        0.490          Mram__n79031
    ----------------------------------------
    Total                      0.912ns (0.490ns logic, 0.422ns route)
                                       (53.7% logic, 46.3% route)

=========================================================================
Timing constraint: Default OFFSET OUT AFTER for Clock 'clk'
  Total number of paths / destination ports: 192 / 192
-------------------------------------------------------------------------
Offset:              2.464ns (Levels of Logic = 1)
  Source:            Mram__n73901 (RAM)
  Destination:       points1<15><5> (PAD)
  Source Clock:      clk rising

  Data Path: Mram__n73901 to points1<15><5>
                                Gate     Net
    Cell:in->out      fanout   Delay   Delay  Logical Name (Net Name)
    ----------------------------------------  ------------
     RAMB18E1:CLKARDCLK->DOBDO5    1   2.125   0.339  Mram__n73901 (points1_15__5_OBUF)
     OBUF:I->O                 0.000          points1_15__5_OBUF (points1<15><5>)
    ----------------------------------------
    Total                      2.464ns (2.125ns logic, 0.339ns route)
                                       (86.2% logic, 13.8% route)

=========================================================================

Cross Clock Domains Report:
--------------------------

=========================================================================


Total REAL time to Xst completion: 12.00 secs
Total CPU time to Xst completion: 11.50 secs
 
--> 


Total memory usage is 519420 kilobytes

Number of errors   :    0 (   0 filtered)
Number of warnings :    1 (   0 filtered)
Number of infos    :   24 (   0 filtered)

